<?xml version="1.0" encoding="UTF-8"?>
<testng-results skipped="0" failed="0" total="1" passed="1">
  <reporter-output>
  </reporter-output>
  <suite name="Default suite" duration-ms="24444" started-at="2016-08-13T06:50:53Z" finished-at="2016-08-13T06:51:17Z">
    <groups>
    </groups>
    <test name="Default test" duration-ms="24444" started-at="2016-08-13T06:50:53Z" finished-at="2016-08-13T06:51:17Z">
      <class name="testCases.testCase001">
        <test-method status="PASS" signature="prepare()[pri:0, instance:testCases.testCase001@479d31f3]" name="prepare" is-config="true" duration-ms="2823" started-at="2016-08-13T12:20:53Z" finished-at="2016-08-13T12:20:56Z">
          <reporter-output>
          </reporter-output>
        </test-method> <!-- prepare -->
        <test-method status="PASS" signature="testCase001_LoginAndVerifications()[pri:0, instance:testCases.testCase001@479d31f3]" name="testCase001_LoginAndVerifications" duration-ms="21612" started-at="2016-08-13T12:20:56Z" finished-at="2016-08-13T12:21:17Z">
          <reporter-output>
          </reporter-output>
        </test-method> <!-- testCase001_LoginAndVerifications -->
      </class> <!-- testCases.testCase001 -->
    </test> <!-- Default test -->
  </suite> <!-- Default suite -->
</testng-results>
